<?xml version="1.0" encoding="UTF-8"?>
<testsuite xmlns:xsi="http://www.w3.org/2001/XMLSchema-instance" xsi:noNamespaceSchemaLocation="https://maven.apache.org/surefire/maven-surefire-plugin/xsd/surefire-test-report.xsd" version="3.0.2" name="com.LMS.library.LibraryApplicationTests" time="7.244" tests="1" errors="0" skipped="0" failures="0">
  <properties>
[...]
</properties>
  <testcase name="contextLoads" classname="com.LMS.library.LibraryApplicationTests" time="0.537">
    <system-out><![CDATA[11:06:36.698 [main] INFO org.springframework.test.context.support.AnnotationConfigContextLoaderUtils -- Could not detect default configuration classes for test class [com.LMS.library.LibraryApplicationTests]: LibraryApplicationTests does not declare any static, non-private, non-final, nested classes annotated with @Configuration.
11:06:36.823 [main] INFO org.springframework.boot.test.context.SpringBootTestContextBootstrapper -- Found @SpringBootConfiguration com.LMS.library.LibraryApplication for test class com.LMS.library.LibraryApplicationTests

  .   ____          _            __ _ _
 /\\ / ___'_ __ _ _(_)_ __  __ _ \ \ \ \
( ( )\___ | '_ | '_| | '_ \/ _` | \ \ \ \
 \\/  ___)| |_)| | | | | || (_| |  ) ) ) )
  '  |____| .__|_| |_|_| |_\__, | / / / /
 =========|_|==============|___/=/_/_/_/

 :: Spring Boot ::                (v3.5.6)

2026-02-11T11:06:37.330+05:30  INFO 3528 --- [library] [           main] c.LMS.library.LibraryApplicationTests    : Starting LibraryApplicationTests using Java 17.0.12 with PID 3528 (started by dhruvparekh in D:\library)
2026-02-11T11:06:37.333+05:30  INFO 3528 --- [library] [           main] c.LMS.library.LibraryApplicationTests    : No active profile set, falling back to 1 default profile: "default"
2026-02-11T11:06:38.262+05:30  INFO 3528 --- [library] [           main] .s.d.r.c.RepositoryConfigurationDelegate : Multiple Spring Data modules found, entering strict repository configuration mode
2026-02-11T11:06:38.263+05:30  INFO 3528 --- [library] [           main] .s.d.r.c.RepositoryConfigurationDelegate : Bootstrapping Spring Data JPA repositories in DEFAULT mode.
2026-02-11T11:06:38.427+05:30  INFO 3528 --- [library] [           main] .s.d.r.c.RepositoryConfigurationDelegate : Finished Spring Data repository scanning in 152 ms. Found 6 JPA repository interfaces.
2026-02-11T11:06:38.449+05:30  INFO 3528 --- [library] [           main] .s.d.r.c.RepositoryConfigurationDelegate : Multiple Spring Data modules found, entering strict repository configuration mode
2026-02-11T11:06:38.451+05:30  INFO 3528 --- [library] [           main] .s.d.r.c.RepositoryConfigurationDelegate : Bootstrapping Spring Data Redis repositories in DEFAULT mode.
2026-02-11T11:06:38.468+05:30  INFO 3528 --- [library] [           main] .RepositoryConfigurationExtensionSupport : Spring Data Redis - Could not safely identify store assignment for repository candidate interface com.LMS.library.repository.AuthorRepository; If you want this repository to be a Redis repository, consider annotating your entities with one of these annotations: org.springframework.data.redis.core.RedisHash (preferred), or consider extending one of the following types with your repository: org.springframework.data.keyvalue.repository.KeyValueRepository
2026-02-11T11:06:38.469+05:30  INFO 3528 --- [library] [           main] .RepositoryConfigurationExtensionSupport : Spring Data Redis - Could not safely identify store assignment for repository candidate interface com.LMS.library.repository.BookRepository; If you want this repository to be a Redis repository, consider annotating your entities with one of these annotations: org.springframework.data.redis.core.RedisHash (preferred), or consider extending one of the following types with your repository: org.springframework.data.keyvalue.repository.KeyValueRepository
2026-02-11T11:06:38.469+05:30  INFO 3528 --- [library] [           main] .RepositoryConfigurationExtensionSupport : Spring Data Redis - Could not safely identify store assignment for repository candidate interface com.LMS.library.repository.CategoryRepository; If you want this repository to be a Redis repository, consider annotating your entities with one of these annotations: org.springframework.data.redis.core.RedisHash (preferred), or consider extending one of the following types with your repository: org.springframework.data.keyvalue.repository.KeyValueRepository
2026-02-11T11:06:38.469+05:30  INFO 3528 --- [library] [           main] .RepositoryConfigurationExtensionSupport : Spring Data Redis - Could not safely identify store assignment for repository candidate interface com.LMS.library.repository.MasterUserRepository; If you want this repository to be a Redis repository, consider annotating your entities with one of these annotations: org.springframework.data.redis.core.RedisHash (preferred), or consider extending one of the following types with your repository: org.springframework.data.keyvalue.repository.KeyValueRepository
2026-02-11T11:06:38.470+05:30  INFO 3528 --- [library] [           main] .RepositoryConfigurationExtensionSupport : Spring Data Redis - Could not safely identify store assignment for repository candidate interface com.LMS.library.repository.PublisherRepository; If you want this repository to be a Redis repository, consider annotating your entities with one of these annotations: org.springframework.data.redis.core.RedisHash (preferred), or consider extending one of the following types with your repository: org.springframework.data.keyvalue.repository.KeyValueRepository
2026-02-11T11:06:38.470+05:30  INFO 3528 --- [library] [           main] .RepositoryConfigurationExtensionSupport : Spring Data Redis - Could not safely identify store assignment for repository candidate interface com.LMS.library.repository.UserRepository; If you want this repository to be a Redis repository, consider annotating your entities with one of these annotations: org.springframework.data.redis.core.RedisHash (preferred), or consider extending one of the following types with your repository: org.springframework.data.keyvalue.repository.KeyValueRepository
2026-02-11T11:06:38.471+05:30  INFO 3528 --- [library] [           main] .s.d.r.c.RepositoryConfigurationDelegate : Finished Spring Data repository scanning in 9 ms. Found 0 Redis repository interfaces.
2026-02-11T11:06:39.148+05:30  INFO 3528 --- [library] [           main] o.hibernate.jpa.internal.util.LogHelper  : HHH000204: Processing PersistenceUnitInfo [name: default]
2026-02-11T11:06:39.198+05:30  INFO 3528 --- [library] [           main] org.hibernate.Version                    : HHH000412: Hibernate ORM core version 6.6.29.Final
2026-02-11T11:06:39.241+05:30  INFO 3528 --- [library] [           main] o.h.c.internal.RegionFactoryInitiator    : HHH000026: Second-level cache disabled
2026-02-11T11:06:39.647+05:30  INFO 3528 --- [library] [           main] o.s.o.j.p.SpringPersistenceUnitInfo      : No LoadTimeWeaver setup: ignoring JPA class transformer
2026-02-11T11:06:39.686+05:30  INFO 3528 --- [library] [           main] com.zaxxer.hikari.HikariDataSource       : HikariPool-1 - Starting...
2026-02-11T11:06:39.863+05:30  INFO 3528 --- [library] [           main] com.zaxxer.hikari.pool.HikariPool        : HikariPool-1 - Added connection org.postgresql.jdbc.PgConnection@b339a08
2026-02-11T11:06:39.864+05:30  INFO 3528 --- [library] [           main] com.zaxxer.hikari.HikariDataSource       : HikariPool-1 - Start completed.
2026-02-11T11:06:39.937+05:30  INFO 3528 --- [library] [           main] org.hibernate.orm.connections.pooling    : HHH10001005: Database info:
	Database JDBC URL [Connecting through datasource 'HikariDataSource (HikariPool-1)']
	Database driver: undefined/unknown
	Database version: 15.1
	Autocommit mode: undefined/unknown
	Isolation level: undefined/unknown
	Minimum pool size: undefined/unknown
	Maximum pool size: undefined/unknown
2026-02-11T11:06:40.971+05:30  INFO 3528 --- [library] [           main] o.h.e.t.j.p.i.JtaPlatformInitiator       : HHH000489: No JTA platform available (set 'hibernate.transaction.jta.platform' to enable JTA platform integration)
2026-02-11T11:06:41.339+05:30  INFO 3528 --- [library] [           main] j.LocalContainerEntityManagerFactoryBean : Initialized JPA EntityManagerFactory for persistence unit 'default'
2026-02-11T11:06:41.707+05:30  INFO 3528 --- [library] [           main] r$InitializeUserDetailsManagerConfigurer : Global AuthenticationManager configured with UserDetailsService bean with name masterUserDetailService
2026-02-11T11:06:41.779+05:30 TRACE 3528 --- [library] [           main] o.s.c.a.AnnotationCacheOperationSource   : Adding cacheable method 'saveAuthorWithBooks' with operations: [Builder[public void com.LMS.library.service.author.AuthorServiceImpl.saveAuthorWithBooks(com.LMS.library.model.Author,java.util.List)] caches=[authors] | key='' | keyGenerator='' | cacheManager='' | cacheResolver='' | condition='',true,false]
2026-02-11T11:06:41.793+05:30 TRACE 3528 --- [library] [           main] o.s.c.a.AnnotationCacheOperationSource   : Adding cacheable method 'updateAuthorWithBooks' with operations: [Builder[public void com.LMS.library.service.author.AuthorServiceImpl.updateAuthorWithBooks(com.LMS.library.model.Author,java.util.List,java.lang.Long)] caches=[authors] | key='' | keyGenerator='' | cacheManager='' | cacheResolver='' | condition='',true,false]
2026-02-11T11:06:41.794+05:30 TRACE 3528 --- [library] [           main] o.s.c.a.AnnotationCacheOperationSource   : Adding cacheable method 'getAuthors' with operations: [Builder[public java.util.List com.LMS.library.service.author.AuthorServiceImpl.getAuthors()] caches=[authors] | key='' | keyGenerator='' | cacheManager='' | cacheResolver='' | condition='' | unless='' | sync='false']
2026-02-11T11:06:41.795+05:30 TRACE 3528 --- [library] [           main] o.s.c.a.AnnotationCacheOperationSource   : Adding cacheable method 'deleteAuthor' with operations: [Builder[public com.LMS.library.model.Author com.LMS.library.service.author.AuthorServiceImpl.deleteAuthor(java.lang.Long)] caches=[authors] | key='' | keyGenerator='' | cacheManager='' | cacheResolver='' | condition='',true,false]
2026-02-11T11:06:41.853+05:30 TRACE 3528 --- [library] [           main] o.s.c.a.AnnotationCacheOperationSource   : Adding cacheable method 'getbooks' with operations: [Builder[public java.util.List com.LMS.library.service.book.BookServiceImpl.getbooks()] caches=[books] | key='' | keyGenerator='' | cacheManager='' | cacheResolver='' | condition='' | unless='' | sync='false']
2026-02-11T11:06:41.855+05:30 TRACE 3528 --- [library] [           main] o.s.c.a.AnnotationCacheOperationSource   : Adding cacheable method 'updateBook' with operations: [Builder[public void com.LMS.library.service.book.BookServiceImpl.updateBook(com.LMS.library.model.Book,java.util.List,java.util.List,java.util.List,java.lang.Long)] caches=[books] | key='' | keyGenerator='' | cacheManager='' | cacheResolver='' | condition='',true,false]
2026-02-11T11:06:41.856+05:30 TRACE 3528 --- [library] [           main] o.s.c.a.AnnotationCacheOperationSource   : Adding cacheable method 'deleteBook' with operations: [Builder[public void com.LMS.library.service.book.BookServiceImpl.deleteBook(java.lang.Long)] caches=[books] | key='' | keyGenerator='' | cacheManager='' | cacheResolver='' | condition='',true,false]
2026-02-11T11:06:41.857+05:30 TRACE 3528 --- [library] [           main] o.s.c.a.AnnotationCacheOperationSource   : Adding cacheable method 'saveBook' with operations: [Builder[public void com.LMS.library.service.book.BookServiceImpl.saveBook(com.LMS.library.model.Book,java.util.List,java.util.List,java.util.List)] caches=[books] | key='' | keyGenerator='' | cacheManager='' | cacheResolver='' | condition='',true,false]
2026-02-11T11:06:41.866+05:30 TRACE 3528 --- [library] [           main] o.s.c.a.AnnotationCacheOperationSource   : Adding cacheable method 'updateCaregoryWithBooks' with operations: [Builder[public void com.LMS.library.service.category.CategoryServiceImpl.updateCaregoryWithBooks(com.LMS.library.model.Category,java.util.List,java.lang.Long)] caches=[categories] | key='' | keyGenerator='' | cacheManager='' | cacheResolver='' | condition='',true,false]
2026-02-11T11:06:41.867+05:30 TRACE 3528 --- [library] [           main] o.s.c.a.AnnotationCacheOperationSource   : Adding cacheable method 'saveCategoryWithBooks' with operations: [Builder[public void com.LMS.library.service.category.CategoryServiceImpl.saveCategoryWithBooks(com.LMS.library.model.Category,java.util.List)] caches=[categories] | key='' | keyGenerator='' | cacheManager='' | cacheResolver='' | condition='',true,false]
2026-02-11T11:06:41.868+05:30 TRACE 3528 --- [library] [           main] o.s.c.a.AnnotationCacheOperationSource   : Adding cacheable method 'getCategories' with operations: [Builder[public java.util.List com.LMS.library.service.category.CategoryServiceImpl.getCategories()] caches=[categories] | key='' | keyGenerator='' | cacheManager='' | cacheResolver='' | condition='' | unless='' | sync='false']
2026-02-11T11:06:41.868+05:30 TRACE 3528 --- [library] [           main] o.s.c.a.AnnotationCacheOperationSource   : Adding cacheable method 'deleteCategory' with operations: [Builder[public void com.LMS.library.service.category.CategoryServiceImpl.deleteCategory(java.lang.Long)] caches=[categories] | key='' | keyGenerator='' | cacheManager='' | cacheResolver='' | condition='',true,false]
2026-02-11T11:06:41.878+05:30 TRACE 3528 --- [library] [           main] o.s.c.a.AnnotationCacheOperationSource   : Adding cacheable method 'updatePublisherWithBooks' with operations: [Builder[public void com.LMS.library.service.publisher.PublisherServiceImpl.updatePublisherWithBooks(com.LMS.library.model.Publisher,java.util.List,java.lang.Long)] caches=[publishers] | key='' | keyGenerator='' | cacheManager='' | cacheResolver='' | condition='',true,false]
2026-02-11T11:06:41.879+05:30 TRACE 3528 --- [library] [           main] o.s.c.a.AnnotationCacheOperationSource   : Adding cacheable method 'savePublisherWithBooks' with operations: [Builder[public void com.LMS.library.service.publisher.PublisherServiceImpl.savePublisherWithBooks(com.LMS.library.model.Publisher,java.util.List)] caches=[publishers] | key='' | keyGenerator='' | cacheManager='' | cacheResolver='' | condition='',true,false]
2026-02-11T11:06:41.880+05:30 TRACE 3528 --- [library] [           main] o.s.c.a.AnnotationCacheOperationSource   : Adding cacheable method 'getPublishers' with operations: [Builder[public java.util.List com.LMS.library.service.publisher.PublisherServiceImpl.getPublishers()] caches=[publishers] | key='' | keyGenerator='' | cacheManager='' | cacheResolver='' | condition='' | unless='' | sync='false']
2026-02-11T11:06:41.880+05:30 TRACE 3528 --- [library] [           main] o.s.c.a.AnnotationCacheOperationSource   : Adding cacheable method 'deletePublisher' with operations: [Builder[public void com.LMS.library.service.publisher.PublisherServiceImpl.deletePublisher(java.lang.Long)] caches=[publishers] | key='' | keyGenerator='' | cacheManager='' | cacheResolver='' | condition='',true,false]
2026-02-11T11:06:41.889+05:30 TRACE 3528 --- [library] [           main] o.s.c.a.AnnotationCacheOperationSource   : Adding cacheable method 'updateUserWithBooks' with operations: [Builder[public void com.LMS.library.service.user.UserServiceImpl.updateUserWithBooks(com.LMS.library.model.User,java.util.List,java.lang.Long)] caches=[users] | key='' | keyGenerator='' | cacheManager='' | cacheResolver='' | condition='',true,false]
2026-02-11T11:06:41.890+05:30 TRACE 3528 --- [library] [           main] o.s.c.a.AnnotationCacheOperationSource   : Adding cacheable method 'deleteUser' with operations: [Builder[public void com.LMS.library.service.user.UserServiceImpl.deleteUser(java.lang.Long)] caches=[users] | key='' | keyGenerator='' | cacheManager='' | cacheResolver='' | condition='',true,false]
2026-02-11T11:06:41.890+05:30 TRACE 3528 --- [library] [           main] o.s.c.a.AnnotationCacheOperationSource   : Adding cacheable method 'getUsers' with operations: [Builder[public java.util.List com.LMS.library.service.user.UserServiceImpl.getUsers()] caches=[users] | key='' | keyGenerator='' | cacheManager='' | cacheResolver='' | condition='' | unless='' | sync='false']
2026-02-11T11:06:41.892+05:30 TRACE 3528 --- [library] [           main] o.s.c.a.AnnotationCacheOperationSource   : Adding cacheable method 'saveUserWithBooks' with operations: [Builder[public void com.LMS.library.service.user.UserServiceImpl.saveUserWithBooks(com.LMS.library.model.User,java.util.List)] caches=[users] | key='' | keyGenerator='' | cacheManager='' | cacheResolver='' | condition='',true,false]
2026-02-11T11:06:42.263+05:30  WARN 3528 --- [library] [           main] JpaBaseConfiguration$JpaWebConfiguration : spring.jpa.open-in-view is enabled by default. Therefore, database queries may be performed during view rendering. Explicitly configure spring.jpa.open-in-view to disable this warning
2026-02-11T11:06:42.305+05:30  INFO 3528 --- [library] [           main] o.s.b.a.w.s.WelcomePageHandlerMapping    : Adding welcome page template: index
2026-02-11T11:06:43.221+05:30 DEBUG 3528 --- [library] [           main] o.s.d.r.l.RedisMessageListenerContainer  : Starting RedisMessageListenerContainer...
2026-02-11T11:06:43.221+05:30 DEBUG 3528 --- [library] [           main] o.s.d.r.l.RedisMessageListenerContainer  : Postpone listening for Redis messages until actual listeners are added
2026-02-11T11:06:43.232+05:30  INFO 3528 --- [library] [           main] c.LMS.library.LibraryApplicationTests    : Started LibraryApplicationTests in 6.208 seconds (process running for 7.232)
]]></system-out>
  </testcase>
</testsuite>